monitors.sh started at Fri Oct  3 12:08:11 PM EEST 2025
monitors.sh started at Fri Oct  3 12:14:00 PM EEST 2025
monitors.sh started at Fri Oct  3 08:17:02 PM EEST 2025
monitors.sh started at Fri Oct  3 08:18:40 PM EEST 2025
monitors.sh started at Sat Oct  4 01:56:41 PM EEST 2025
monitors.sh started at Mon Oct  6 01:25:46 PM EEST 2025
monitors.sh started at Mon Oct  6 01:30:22 PM EEST 2025
monitors.sh started at Mon Oct  6 03:20:00 PM EEST 2025
monitors.sh started at Tue Oct  7 03:27:44 PM EEST 2025
monitors.sh started at Tue Oct  7 07:40:18 PM EEST 2025
monitors.sh started at Tue Oct  7 07:41:43 PM EEST 2025
monitors.sh started at Wed Oct  8 03:53:30 PM EEST 2025
monitors.sh started at Wed Oct  8 03:54:31 PM EEST 2025
monitors.sh started at Wed Oct  8 04:23:18 PM EEST 2025
monitors.sh started at Wed Oct  8 04:37:46 PM EEST 2025
monitors.sh started at Wed Oct  8 05:04:55 PM EEST 2025
monitors.sh started at Fri Oct 10 11:40:45 AM EEST 2025
monitors.sh started at Fri Oct 10 08:51:24 PM EEST 2025
monitors.sh started at Sat Oct 11 11:10:12 AM EEST 2025
monitors.sh started at Sat Oct 11 11:34:33 AM EEST 2025
monitors.sh started at Sun Oct 12 10:34:34 AM EEST 2025
monitors.sh started at Sun Oct 12 11:16:56 AM EEST 2025
monitors.sh started at Sun Oct 12 11:18:19 AM EEST 2025
monitors.sh started at Sun Oct 12 10:06:11 PM EEST 2025
monitors.sh started at Mon Oct 13 07:23:32 PM EEST 2025
monitors.sh started at Tue Oct 14 07:21:25 PM EEST 2025
monitors.sh started at Fri Oct 17 02:35:14 PM EEST 2025
monitors.sh started at Fri Oct 17 02:35:36 PM EEST 2025
monitors.sh started at Fri Oct 17 06:23:00 PM EEST 2025
monitors.sh started at Fri Oct 17 06:24:40 PM EEST 2025
monitors.sh started at Fri Oct 17 06:25:22 PM EEST 2025
monitors.sh started at Sat Oct 18 09:54:56 AM EEST 2025
monitors.sh started at Mon Oct 20 07:47:44 PM EEST 2025
monitors.sh started at Tue Oct 21 02:53:15 PM EEST 2025
monitors.sh started at Tue Oct 21 02:53:22 PM EEST 2025
monitors.sh started at Wed Oct 22 08:56:16 PM EEST 2025
monitors.sh started at Thu Oct 23 03:50:52 PM EEST 2025
monitors.sh started at Thu Oct 23 03:51:03 PM EEST 2025
monitors.sh started at Thu Oct 23 08:31:34 PM EEST 2025
monitors.sh started at Fri Oct 24 04:19:16 PM EEST 2025
monitors.sh started at Fri Oct 24 10:57:38 PM EEST 2025
monitors.sh started at Sat Oct 25 08:51:23 AM EEST 2025
monitors.sh started at Sun Oct 26 12:50:30 PM EET 2025
monitors.sh started at Sun Oct 26 12:50:39 PM EET 2025
monitors.sh started at Sun Oct 26 02:58:57 PM EET 2025
monitors.sh started at Sun Oct 26 07:52:14 PM EET 2025
monitors.sh started at Tue Oct 28 03:11:44 PM EET 2025
monitors.sh started at Tue Oct 28 03:11:49 PM EET 2025
monitors.sh started at Tue Oct 28 05:54:12 PM EET 2025
monitors.sh started at Thu Oct 30 02:01:06 PM EET 2025
monitors.sh started at Fri Oct 31 02:02:24 PM EET 2025
monitors.sh started at Sat Nov  1 03:45:08 PM EET 2025
monitors.sh started at Sun Nov  2 02:42:03 PM EET 2025
monitors.sh started at Sun Nov  2 02:42:11 PM EET 2025
monitors.sh started at Sun Nov  2 04:53:12 PM EET 2025
monitors.sh started at Mon Nov  3 02:21:28 PM EET 2025
monitors.sh started at Mon Nov  3 02:21:41 PM EET 2025
monitors.sh started at Tue Nov  4 12:40:20 PM EET 2025
monitors.sh started at Wed Nov  5 02:37:06 PM EET 2025
monitors.sh started at Thu Nov  6 10:13:00 PM EET 2025
monitors.sh started at Thu Nov  6 11:03:44 PM EET 2025
monitors.sh started at Sat Nov  8 07:27:45 PM EET 2025
monitors.sh started at Sun Nov  9 05:25:17 AM EET 2025
monitors.sh started at Sun Nov  9 02:28:09 PM EET 2025
monitors.sh started at Sun Nov  9 05:33:38 PM EET 2025
monitors.sh started at Mon Nov 10 10:59:31 AM EET 2025
monitors.sh started at Mon Nov 10 11:16:32 AM EET 2025
monitors.sh started at Tue Nov 11 07:05:52 PM EET 2025
